<?xml version="1.0" encoding="UTF-8"?>
<!-- Generated by org.testng.reporters.JUnitXMLReporter -->
<testsuite ignored="0" hostname="DESKTOP-HF6SFHK" failures="1" tests="2" name="Test" time="21.559" errors="0" timestamp="2025-07-12T02:58:22 IST">
  <testcase classname="testCases.TC_AccountRegistrationTest" name="verify_account_registration" time="3.415"/>
  <testcase classname="testCases.TC002_LoginTest" name="verify_login" time="12.493">
    <failure type="java.lang.AssertionError" message="expected [true] but found [false]">
      <![CDATA[java.lang.AssertionError: expected [true] but found [false]
at testCases.TC002_LoginTest.verify_login(TC002_LoginTest.java:35)
at java.base/java.util.ArrayList.forEach(ArrayList.java:1596)
... Removed 29 stack frames]]>
    </failure>
  </testcase> <!-- verify_login -->
</testsuite> <!-- Test -->
